>>> NEW BUCKSHOT INSTANCE <<<
> Player 0
> Player 1
Caution:     0.773
Paranoia:    1.357
Aggression:  1.915
Sadism:      0.508
Bloodlust:   1.772
Retribution: 0.581
Antagonism:  0.909
> Player 2
Caution:     0.983
Paranoia:    1.429
Aggression:  0.976
Sadism:      0.779
Bloodlust:   1.011
Retribution: 0.710
Antagonism:  1.730
> Loading Rounds
LIVE:   1
BLANK:  2
TOTAL:  3
> Rounds [•o??o]
Total: 3
Live: 1
Blank: 2
> Player 0 shot Player 0 (BLANK)
> Rounds [•??o]
Total: 2
Live: 1
Blank: 1
> Player 0 shot Player 0 (BLANK)
> Rounds [??•]
Total: 1
Live: 1
Blank: 0
> Player 0 shot Player 1 (LIVE)
> Rounds []
Total: 0
Live: 0
Blank: 0
> Loading Rounds
LIVE:   3
BLANK:  1
TOTAL:  4
> Rounds [•••??o]
Total: 4
Live: 3
Blank: 1
> Player 1 ranks shooting Player 0 as 0.32785827
> Player 1 ranks shooting Player 1 as 2.3414204
> Player 1 ranks shooting Player 2 as 0.5127964
> Player 1 shot Player 1 (BLANK)
> Rounds [••??•]
Total: 3
Live: 3
Blank: 0
> Player 1 ranks shooting Player 0 as 0.43714434
> Player 1 ranks shooting Player 2 as 0.6837285
> Player 1 shot Player 0 (LIVE)
> Rounds [•??•]
Total: 2
Live: 2
Blank: 0
> Player 2 ranks shooting Player 0 as 1.2934366
> Player 2 ranks shooting Player 1 as 1.2934366
> Player 2 shot Player 1 (LIVE)
> Rounds [??•]
Total: 1
Live: 1
Blank: 0
> Player 0 shot Player 0 (LIVE)
> Rounds []
Total: 0
Live: 0
Blank: 0
> Loading Rounds
LIVE:   3
BLANK:  3
TOTAL:  6
> Rounds [o•o•o??•]
Total: 6
Live: 3
Blank: 3
> Player 1 ranks shooting Player 0 as 1.1926941
> Player 1 ranks shooting Player 1 as 3.5121307
> Player 1 ranks shooting Player 2 as 0.21857217
> Player 1 shot Player 1 (LIVE)
> Rounds [o•o•??o]
Total: 5
Live: 2
Blank: 3
> Player 2 ranks shooting Player 0 as 0.6715169
> Player 2 ranks shooting Player 2 as 3.6328676
> Player 2 shot Player 2 (BLANK)
> Rounds [o•o??•]
Total: 4
Live: 2
Blank: 2
> Player 2 ranks shooting Player 0 as 0.8393961
> Player 2 ranks shooting Player 2 as 2.906294
> Player 2 shot Player 2 (LIVE)
> Rounds [o•??o]
Total: 3
Live: 1
Blank: 2
> Player 0 shot Player 2 (BLANK)
> Rounds [o??•]
Total: 2
Live: 1
Blank: 1
> Player 2 ranks shooting Player 0 as 0.8393961
> Player 2 ranks shooting Player 2 as 2.906294
> Player 2 shot Player 2 (LIVE)
> Rounds [??o]
Total: 1
Live: 0
Blank: 1
> Player 0 shot Player 0 (BLANK)
> Rounds []
Total: 0
Live: 0
Blank: 0
> Loading Rounds
LIVE:   3
BLANK:  5
TOTAL:  8
> Rounds [••ooooo??•]
Total: 8
Live: 3
Blank: 5
> Player 0 shot Player 0 (LIVE)
> Rounds [••oooo??o]
Total: 7
Live: 2
Blank: 5
